2019-04-05 00:33:29.886  INFO 5845 --- [main] com.mfinder.mlucard.MlucardApplication   : Starting MlucardApplication on finder-bar with PID 5845 (/home/thein/spring_workspace/mlucard/target/classes started by thein in /home/thein/spring_workspace/mlucard)
2019-04-05 00:33:29.895  INFO 5845 --- [main] com.mfinder.mlucard.MlucardApplication   : No active profile set, falling back to default profiles: default
2019-04-05 00:33:32.347  INFO 5845 --- [main] o.apache.catalina.core.StandardService   : Starting service [Tomcat]
2019-04-05 00:33:32.348  INFO 5845 --- [main] org.apache.catalina.core.StandardEngine  : Starting Servlet engine: [Apache Tomcat/9.0.16]
2019-04-05 00:33:32.354  INFO 5845 --- [main] o.a.catalina.core.AprLifecycleListener   : The APR based Apache Tomcat Native library which allows optimal performance in production environments was not found on the java.library.path: [/usr/java/packages/lib/amd64:/usr/lib/x86_64-linux-gnu/jni:/lib/x86_64-linux-gnu:/usr/lib/x86_64-linux-gnu:/usr/lib/jni:/lib:/usr/lib]
2019-04-05 00:33:32.547  INFO 5845 --- [main] o.a.c.c.C.[Tomcat].[localhost].[/]       : Initializing Spring embedded WebApplicationContext
2019-04-05 00:33:33.179  INFO 5845 --- [main] com.zaxxer.hikari.HikariDataSource       : HikariPool-1 - Starting...
2019-04-05 00:33:33.407  INFO 5845 --- [main] com.zaxxer.hikari.pool.PoolBase          : HikariPool-1 - Driver does not support get/set network timeout for connections. (com.mysql.jdbc.JDBC4Connection.getNetworkTimeout()I)
2019-04-05 00:33:33.411  INFO 5845 --- [main] com.zaxxer.hikari.HikariDataSource       : HikariPool-1 - Start completed.
2019-04-05 00:33:33.658  INFO 5845 --- [main] o.hibernate.jpa.internal.util.LogHelper  : HHH000204: Processing PersistenceUnitInfo [
	name: default
	...]
2019-04-05 00:33:33.832  INFO 5845 --- [main] org.hibernate.Version                    : HHH000412: Hibernate Core {5.3.7.Final}
2019-04-05 00:33:33.837  INFO 5845 --- [main] org.hibernate.cfg.Environment            : HHH000206: hibernate.properties not found
2019-04-05 00:33:34.457  INFO 5845 --- [main] o.hibernate.annotations.common.Version   : HCANN000001: Hibernate Commons Annotations {5.0.4.Final}
2019-04-05 00:33:34.695  INFO 5845 --- [main] org.hibernate.dialect.Dialect            : HHH000400: Using dialect: org.hibernate.dialect.MySQL5Dialect
2019-04-05 00:33:36.218  INFO 5845 --- [main] o.h.t.schema.internal.SchemaCreatorImpl  : HHH000476: Executing import script 'org.hibernate.tool.schema.internal.exec.ScriptSourceInputNonExistentImpl@eed890d'
2019-04-05 00:33:36.798  WARN 5845 --- [main] aWebConfiguration$JpaWebMvcConfiguration : spring.jpa.open-in-view is enabled by default. Therefore, database queries may be performed during view rendering. Explicitly configure spring.jpa.open-in-view to disable this warning
2019-04-05 00:33:37.317 ERROR 5845 --- [main] org.apache.catalina.util.LifecycleBase   : Failed to start component [Connector[HTTP/1.1-8080]]

org.apache.catalina.LifecycleException: Protocol handler start failed
	at org.apache.catalina.connector.Connector.startInternal(Connector.java:1008) ~[tomcat-embed-core-9.0.16.jar:9.0.16]
	at org.apache.catalina.util.LifecycleBase.start(LifecycleBase.java:183) ~[tomcat-embed-core-9.0.16.jar:9.0.16]
	at org.apache.catalina.core.StandardService.addConnector(StandardService.java:226) [tomcat-embed-core-9.0.16.jar:9.0.16]
	at org.springframework.boot.web.embedded.tomcat.TomcatWebServer.addPreviouslyRemovedConnectors(TomcatWebServer.java:259) [spring-boot-2.1.3.RELEASE.jar:2.1.3.RELEASE]
	at org.springframework.boot.web.embedded.tomcat.TomcatWebServer.start(TomcatWebServer.java:197) [spring-boot-2.1.3.RELEASE.jar:2.1.3.RELEASE]
	at org.springframework.boot.web.servlet.context.ServletWebServerApplicationContext.startWebServer(ServletWebServerApplicationContext.java:311) [spring-boot-2.1.3.RELEASE.jar:2.1.3.RELEASE]
	at org.springframework.boot.web.servlet.context.ServletWebServerApplicationContext.finishRefresh(ServletWebServerApplicationContext.java:164) [spring-boot-2.1.3.RELEASE.jar:2.1.3.RELEASE]
	at org.springframework.context.support.AbstractApplicationContext.refresh(AbstractApplicationContext.java:552) [spring-context-5.1.5.RELEASE.jar:5.1.5.RELEASE]
	at org.springframework.boot.web.servlet.context.ServletWebServerApplicationContext.refresh(ServletWebServerApplicationContext.java:142) [spring-boot-2.1.3.RELEASE.jar:2.1.3.RELEASE]
	at org.springframework.boot.SpringApplication.refresh(SpringApplication.java:775) [spring-boot-2.1.3.RELEASE.jar:2.1.3.RELEASE]
	at org.springframework.boot.SpringApplication.refreshContext(SpringApplication.java:397) [spring-boot-2.1.3.RELEASE.jar:2.1.3.RELEASE]
	at org.springframework.boot.SpringApplication.run(SpringApplication.java:316) [spring-boot-2.1.3.RELEASE.jar:2.1.3.RELEASE]
	at org.springframework.boot.SpringApplication.run(SpringApplication.java:1260) [spring-boot-2.1.3.RELEASE.jar:2.1.3.RELEASE]
	at org.springframework.boot.SpringApplication.run(SpringApplication.java:1248) [spring-boot-2.1.3.RELEASE.jar:2.1.3.RELEASE]
	at com.mfinder.mlucard.MlucardApplication.main(MlucardApplication.java:13) [classes/:na]
Caused by: java.net.BindException: Address already in use
	at sun.nio.ch.Net.bind0(Native Method) ~[na:1.8.0_191]
	at sun.nio.ch.Net.bind(Net.java:433) ~[na:1.8.0_191]
	at sun.nio.ch.Net.bind(Net.java:425) ~[na:1.8.0_191]
	at sun.nio.ch.ServerSocketChannelImpl.bind(ServerSocketChannelImpl.java:223) ~[na:1.8.0_191]
	at sun.nio.ch.ServerSocketAdaptor.bind(ServerSocketAdaptor.java:74) ~[na:1.8.0_191]
	at org.apache.tomcat.util.net.NioEndpoint.initServerSocket(NioEndpoint.java:236) ~[tomcat-embed-core-9.0.16.jar:9.0.16]
	at org.apache.tomcat.util.net.NioEndpoint.bind(NioEndpoint.java:210) ~[tomcat-embed-core-9.0.16.jar:9.0.16]
	at org.apache.tomcat.util.net.AbstractEndpoint.bindWithCleanup(AbstractEndpoint.java:1085) ~[tomcat-embed-core-9.0.16.jar:9.0.16]
	at org.apache.tomcat.util.net.AbstractEndpoint.start(AbstractEndpoint.java:1171) ~[tomcat-embed-core-9.0.16.jar:9.0.16]
	at org.apache.coyote.AbstractProtocol.start(AbstractProtocol.java:568) ~[tomcat-embed-core-9.0.16.jar:9.0.16]
	at org.apache.catalina.connector.Connector.startInternal(Connector.java:1005) ~[tomcat-embed-core-9.0.16.jar:9.0.16]
	... 14 common frames omitted

2019-04-05 00:33:37.323  INFO 5845 --- [main] o.apache.catalina.core.StandardService   : Stopping service [Tomcat]
2019-04-05 00:33:37.334 ERROR 5845 --- [main] o.s.b.d.LoggingFailureAnalysisReporter   : 

***************************
APPLICATION FAILED TO START
***************************

Description:

The Tomcat connector configured to listen on port 8080 failed to start. The port may already be in use or the connector may be misconfigured.

Action:

Verify the connector's configuration, identify and stop any process that's listening on port 8080, or configure this application to listen on another port.

2019-04-05 00:33:37.338  INFO 5845 --- [main] .SchemaDropperImpl$DelayedDropActionImpl : HHH000477: Starting delayed evictData of schema as part of SessionFactory shut-down'
2019-04-05 00:33:37.511  INFO 5845 --- [main] com.zaxxer.hikari.HikariDataSource       : HikariPool-1 - Shutdown initiated...
2019-04-05 00:33:37.515  INFO 5845 --- [main] com.zaxxer.hikari.HikariDataSource       : HikariPool-1 - Shutdown completed.
2019-04-05 00:39:56.303  INFO 6377 --- [main] com.mfinder.mlucard.MlucardApplication   : Starting MlucardApplication on finder-bar with PID 6377 (/home/thein/spring_workspace/mlucard/target/classes started by thein in /home/thein/spring_workspace/mlucard)
2019-04-05 00:39:56.306  INFO 6377 --- [main] com.mfinder.mlucard.MlucardApplication   : No active profile set, falling back to default profiles: default
2019-04-05 00:39:58.248  INFO 6377 --- [main] o.apache.catalina.core.StandardService   : Starting service [Tomcat]
2019-04-05 00:39:58.249  INFO 6377 --- [main] org.apache.catalina.core.StandardEngine  : Starting Servlet engine: [Apache Tomcat/9.0.16]
2019-04-05 00:39:58.258  INFO 6377 --- [main] o.a.catalina.core.AprLifecycleListener   : The APR based Apache Tomcat Native library which allows optimal performance in production environments was not found on the java.library.path: [/usr/java/packages/lib/amd64:/usr/lib/x86_64-linux-gnu/jni:/lib/x86_64-linux-gnu:/usr/lib/x86_64-linux-gnu:/usr/lib/jni:/lib:/usr/lib]
2019-04-05 00:39:58.405  INFO 6377 --- [main] o.a.c.c.C.[Tomcat].[localhost].[/]       : Initializing Spring embedded WebApplicationContext
2019-04-05 00:39:58.816  INFO 6377 --- [main] com.zaxxer.hikari.HikariDataSource       : HikariPool-1 - Starting...
2019-04-05 00:39:58.994  INFO 6377 --- [main] com.zaxxer.hikari.pool.PoolBase          : HikariPool-1 - Driver does not support get/set network timeout for connections. (com.mysql.jdbc.JDBC4Connection.getNetworkTimeout()I)
2019-04-05 00:39:58.997  INFO 6377 --- [main] com.zaxxer.hikari.HikariDataSource       : HikariPool-1 - Start completed.
2019-04-05 00:39:59.178  INFO 6377 --- [main] o.hibernate.jpa.internal.util.LogHelper  : HHH000204: Processing PersistenceUnitInfo [
	name: default
	...]
2019-04-05 00:39:59.257  INFO 6377 --- [main] org.hibernate.Version                    : HHH000412: Hibernate Core {5.3.7.Final}
2019-04-05 00:39:59.259  INFO 6377 --- [main] org.hibernate.cfg.Environment            : HHH000206: hibernate.properties not found
2019-04-05 00:39:59.378  INFO 6377 --- [main] o.hibernate.annotations.common.Version   : HCANN000001: Hibernate Commons Annotations {5.0.4.Final}
2019-04-05 00:39:59.504  INFO 6377 --- [main] org.hibernate.dialect.Dialect            : HHH000400: Using dialect: org.hibernate.dialect.MySQL5Dialect
2019-04-05 00:40:00.288  INFO 6377 --- [main] o.h.t.schema.internal.SchemaCreatorImpl  : HHH000476: Executing import script 'org.hibernate.tool.schema.internal.exec.ScriptSourceInputNonExistentImpl@2921a36a'
2019-04-05 00:40:00.882  WARN 6377 --- [main] aWebConfiguration$JpaWebMvcConfiguration : spring.jpa.open-in-view is enabled by default. Therefore, database queries may be performed during view rendering. Explicitly configure spring.jpa.open-in-view to disable this warning
2019-04-05 00:40:01.400  INFO 6377 --- [main] com.mfinder.mlucard.MlucardApplication   : Started MlucardApplication in 5.737 seconds (JVM running for 6.39)
2019-04-05 00:42:09.602  INFO 6377 --- [RMI TCP Connection(2)-127.0.0.1] .SchemaDropperImpl$DelayedDropActionImpl : HHH000477: Starting delayed evictData of schema as part of SessionFactory shut-down'
2019-04-05 00:42:09.653  INFO 6377 --- [RMI TCP Connection(2)-127.0.0.1] com.zaxxer.hikari.HikariDataSource       : HikariPool-1 - Shutdown initiated...
2019-04-05 00:42:09.656  INFO 6377 --- [RMI TCP Connection(2)-127.0.0.1] com.zaxxer.hikari.HikariDataSource       : HikariPool-1 - Shutdown completed.
